<?xml version="1.0" encoding="UTF-8"?>
<testsuite xmlns:xsi="http://www.w3.org/2001/XMLSchema-instance" xsi:noNamespaceSchemaLocation="https://maven.apache.org/surefire/maven-surefire-plugin/xsd/surefire-test-report.xsd" name="lrp.DispatcherTest" time="66.214" tests="5" errors="0" skipped="0" failures="0">
  <properties>
[...]
</properties>
  <testcase name="unLlamadoTest" classname="lrp.DispatcherTest" time="6.013"/>
  <testcase name="enviarLlamadasConcurrentementePorVeinteSegundos" classname="lrp.DispatcherTest" time="33.012"/>
  <testcase name="masDeDiezLlamadasConcurrentes" classname="lrp.DispatcherTest" time="6.137"/>
  <testcase name="enviarDiezLlamadasTest" classname="lrp.DispatcherTest" time="11.004"/>
  <testcase name="llamadaConCallcenterCerrado" classname="lrp.DispatcherTest" time="10.005"/>
</testsuite>